2020-05-03 0:07:10 - PHP Notice:  Array to string conversion in /var/www/html/opencart/system/library/template/Twig/Environment.php(403) : eval()'d code on line 74
2020-05-03 0:07:10 - PHP Notice:  Array to string conversion in /var/www/html/opencart/system/library/template/Twig/Environment.php(403) : eval()'d code on line 74
2020-05-03 0:09:12 - PHP Notice:  Array to string conversion in /var/www/html/opencart/system/library/template/Twig/Environment.php(403) : eval()'d code on line 74
2020-05-03 0:09:12 - PHP Notice:  Array to string conversion in /var/www/html/opencart/system/library/template/Twig/Environment.php(403) : eval()'d code on line 74
2020-05-03 0:10:07 - PHP Notice:  Array to string conversion in /var/www/html/opencart/system/library/template/Twig/Environment.php(403) : eval()'d code on line 95
2020-05-03 0:10:07 - PHP Notice:  Array to string conversion in /var/www/html/opencart/system/library/template/Twig/Environment.php(403) : eval()'d code on line 95
2020-05-03 0:11:05 - PHP Notice:  Array to string conversion in /var/www/html/opencart/system/library/template/Twig/Environment.php(403) : eval()'d code on line 24
2020-05-03 0:11:05 - PHP Notice:  Array to string conversion in /var/www/html/opencart/system/library/template/Twig/Environment.php(403) : eval()'d code on line 100
2020-05-03 0:11:05 - PHP Notice:  Array to string conversion in /var/www/html/opencart/system/library/template/Twig/Environment.php(403) : eval()'d code on line 100
2020-05-03 0:12:01 - PHP Notice:  Array to string conversion in /var/www/html/opencart/system/library/template/Twig/Environment.php(403) : eval()'d code on line 98
2020-05-03 0:12:01 - PHP Notice:  Array to string conversion in /var/www/html/opencart/system/library/template/Twig/Environment.php(403) : eval()'d code on line 98
2020-05-03 0:12:28 - PHP Notice:  Array to string conversion in /var/www/html/opencart/system/library/template/Twig/Environment.php(403) : eval()'d code on line 98
2020-05-03 0:12:28 - PHP Notice:  Array to string conversion in /var/www/html/opencart/system/library/template/Twig/Environment.php(403) : eval()'d code on line 98
2020-05-03 0:22:34 - PHP Notice:  Array to string conversion in /var/www/html/opencart/system/library/template/Twig/Environment.php(403) : eval()'d code on line 98
2020-05-03 0:22:34 - PHP Notice:  Array to string conversion in /var/www/html/opencart/system/library/template/Twig/Environment.php(403) : eval()'d code on line 98
2020-05-03 0:42:20 - PHP Notice:  Undefined index: heading_title in /var/www/html/opencart/catalog/controller/extension/module/bannergrid.php on line 10
2020-05-03 0:42:20 - PHP Notice:  Array to string conversion in /var/www/html/opencart/system/storage/cache/ed/eddb59d0f4bd6d016f72ecf3e5bca47b0cac314fe254cb247cd8fa131da27871.php on line 98
2020-05-03 0:42:20 - PHP Notice:  Array to string conversion in /var/www/html/opencart/system/storage/cache/ed/eddb59d0f4bd6d016f72ecf3e5bca47b0cac314fe254cb247cd8fa131da27871.php on line 98
2020-05-03 0:42:36 - PHP Notice:  Undefined index: heading_title in /var/www/html/opencart/catalog/controller/extension/module/bannergrid.php on line 10
2020-05-03 0:42:36 - PHP Notice:  Array to string conversion in /var/www/html/opencart/system/storage/cache/ed/eddb59d0f4bd6d016f72ecf3e5bca47b0cac314fe254cb247cd8fa131da27871.php on line 98
2020-05-03 0:42:36 - PHP Notice:  Array to string conversion in /var/www/html/opencart/system/storage/cache/ed/eddb59d0f4bd6d016f72ecf3e5bca47b0cac314fe254cb247cd8fa131da27871.php on line 98
2020-05-03 0:43:42 - PHP Notice:  Undefined index: heading_title in /var/www/html/opencart/catalog/controller/extension/module/bannergrid.php on line 10
2020-05-03 0:43:42 - PHP Notice:  Array to string conversion in /var/www/html/opencart/system/library/template/Twig/Environment.php(403) : eval()'d code on line 100
2020-05-03 0:43:42 - PHP Notice:  Array to string conversion in /var/www/html/opencart/system/library/template/Twig/Environment.php(403) : eval()'d code on line 100
2020-05-03 0:43:44 - PHP Notice:  Undefined index: heading_title in /var/www/html/opencart/catalog/controller/extension/module/bannergrid.php on line 10
2020-05-03 0:43:44 - PHP Notice:  Array to string conversion in /var/www/html/opencart/system/storage/cache/99/998c6f31088390cf0c4f9ef0927b1fdd976985689934f68aaa56533da91038a4.php on line 100
2020-05-03 0:43:44 - PHP Notice:  Array to string conversion in /var/www/html/opencart/system/storage/cache/99/998c6f31088390cf0c4f9ef0927b1fdd976985689934f68aaa56533da91038a4.php on line 100
2020-05-03 0:43:45 - PHP Notice:  Undefined index: heading_title in /var/www/html/opencart/catalog/controller/extension/module/bannergrid.php on line 10
2020-05-03 0:43:45 - PHP Notice:  Array to string conversion in /var/www/html/opencart/system/storage/cache/99/998c6f31088390cf0c4f9ef0927b1fdd976985689934f68aaa56533da91038a4.php on line 100
2020-05-03 0:43:45 - PHP Notice:  Array to string conversion in /var/www/html/opencart/system/storage/cache/99/998c6f31088390cf0c4f9ef0927b1fdd976985689934f68aaa56533da91038a4.php on line 100
2020-05-03 0:43:46 - PHP Notice:  Undefined index: heading_title in /var/www/html/opencart/catalog/controller/extension/module/bannergrid.php on line 10
2020-05-03 0:43:46 - PHP Notice:  Array to string conversion in /var/www/html/opencart/system/storage/cache/99/998c6f31088390cf0c4f9ef0927b1fdd976985689934f68aaa56533da91038a4.php on line 100
2020-05-03 0:43:46 - PHP Notice:  Array to string conversion in /var/www/html/opencart/system/storage/cache/99/998c6f31088390cf0c4f9ef0927b1fdd976985689934f68aaa56533da91038a4.php on line 100
2020-05-03 0:43:47 - PHP Notice:  Undefined index: heading_title in /var/www/html/opencart/catalog/controller/extension/module/bannergrid.php on line 10
2020-05-03 0:43:47 - PHP Notice:  Array to string conversion in /var/www/html/opencart/system/storage/cache/99/998c6f31088390cf0c4f9ef0927b1fdd976985689934f68aaa56533da91038a4.php on line 100
2020-05-03 0:43:47 - PHP Notice:  Array to string conversion in /var/www/html/opencart/system/storage/cache/99/998c6f31088390cf0c4f9ef0927b1fdd976985689934f68aaa56533da91038a4.php on line 100
2020-05-03 0:43:48 - PHP Notice:  Undefined index: heading_title in /var/www/html/opencart/catalog/controller/extension/module/bannergrid.php on line 10
2020-05-03 0:43:48 - PHP Notice:  Array to string conversion in /var/www/html/opencart/system/storage/cache/99/998c6f31088390cf0c4f9ef0927b1fdd976985689934f68aaa56533da91038a4.php on line 100
2020-05-03 0:43:48 - PHP Notice:  Array to string conversion in /var/www/html/opencart/system/storage/cache/99/998c6f31088390cf0c4f9ef0927b1fdd976985689934f68aaa56533da91038a4.php on line 100
2020-05-03 0:43:49 - PHP Notice:  Undefined index: heading_title in /var/www/html/opencart/catalog/controller/extension/module/bannergrid.php on line 10
2020-05-03 0:43:49 - PHP Notice:  Array to string conversion in /var/www/html/opencart/system/storage/cache/99/998c6f31088390cf0c4f9ef0927b1fdd976985689934f68aaa56533da91038a4.php on line 100
2020-05-03 0:43:49 - PHP Notice:  Array to string conversion in /var/www/html/opencart/system/storage/cache/99/998c6f31088390cf0c4f9ef0927b1fdd976985689934f68aaa56533da91038a4.php on line 100
2020-05-03 0:43:50 - PHP Notice:  Undefined index: heading_title in /var/www/html/opencart/catalog/controller/extension/module/bannergrid.php on line 10
2020-05-03 0:43:50 - PHP Notice:  Array to string conversion in /var/www/html/opencart/system/storage/cache/99/998c6f31088390cf0c4f9ef0927b1fdd976985689934f68aaa56533da91038a4.php on line 100
2020-05-03 0:43:50 - PHP Notice:  Array to string conversion in /var/www/html/opencart/system/storage/cache/99/998c6f31088390cf0c4f9ef0927b1fdd976985689934f68aaa56533da91038a4.php on line 100
2020-05-03 0:43:50 - PHP Notice:  Undefined index: heading_title in /var/www/html/opencart/catalog/controller/extension/module/bannergrid.php on line 10
2020-05-03 0:43:50 - PHP Notice:  Array to string conversion in /var/www/html/opencart/system/storage/cache/99/998c6f31088390cf0c4f9ef0927b1fdd976985689934f68aaa56533da91038a4.php on line 100
2020-05-03 0:43:50 - PHP Notice:  Array to string conversion in /var/www/html/opencart/system/storage/cache/99/998c6f31088390cf0c4f9ef0927b1fdd976985689934f68aaa56533da91038a4.php on line 100
2020-05-03 0:43:51 - PHP Notice:  Undefined index: heading_title in /var/www/html/opencart/catalog/controller/extension/module/bannergrid.php on line 10
2020-05-03 0:43:51 - PHP Notice:  Array to string conversion in /var/www/html/opencart/system/storage/cache/99/998c6f31088390cf0c4f9ef0927b1fdd976985689934f68aaa56533da91038a4.php on line 100
2020-05-03 0:43:51 - PHP Notice:  Array to string conversion in /var/www/html/opencart/system/storage/cache/99/998c6f31088390cf0c4f9ef0927b1fdd976985689934f68aaa56533da91038a4.php on line 100
2020-05-03 0:43:52 - PHP Notice:  Undefined index: heading_title in /var/www/html/opencart/catalog/controller/extension/module/bannergrid.php on line 10
2020-05-03 0:43:52 - PHP Notice:  Array to string conversion in /var/www/html/opencart/system/storage/cache/99/998c6f31088390cf0c4f9ef0927b1fdd976985689934f68aaa56533da91038a4.php on line 100
2020-05-03 0:43:52 - PHP Notice:  Array to string conversion in /var/www/html/opencart/system/storage/cache/99/998c6f31088390cf0c4f9ef0927b1fdd976985689934f68aaa56533da91038a4.php on line 100
2020-05-03 0:43:53 - PHP Notice:  Undefined index: heading_title in /var/www/html/opencart/catalog/controller/extension/module/bannergrid.php on line 10
2020-05-03 0:43:53 - PHP Notice:  Array to string conversion in /var/www/html/opencart/system/storage/cache/99/998c6f31088390cf0c4f9ef0927b1fdd976985689934f68aaa56533da91038a4.php on line 100
2020-05-03 0:43:53 - PHP Notice:  Array to string conversion in /var/www/html/opencart/system/storage/cache/99/998c6f31088390cf0c4f9ef0927b1fdd976985689934f68aaa56533da91038a4.php on line 100
2020-05-03 0:43:54 - PHP Notice:  Undefined index: heading_title in /var/www/html/opencart/catalog/controller/extension/module/bannergrid.php on line 10
2020-05-03 0:43:54 - PHP Notice:  Array to string conversion in /var/www/html/opencart/system/storage/cache/99/998c6f31088390cf0c4f9ef0927b1fdd976985689934f68aaa56533da91038a4.php on line 100
2020-05-03 0:43:54 - PHP Notice:  Array to string conversion in /var/www/html/opencart/system/storage/cache/99/998c6f31088390cf0c4f9ef0927b1fdd976985689934f68aaa56533da91038a4.php on line 100
2020-05-03 0:43:55 - PHP Notice:  Undefined index: heading_title in /var/www/html/opencart/catalog/controller/extension/module/bannergrid.php on line 10
2020-05-03 0:43:55 - PHP Notice:  Array to string conversion in /var/www/html/opencart/system/storage/cache/99/998c6f31088390cf0c4f9ef0927b1fdd976985689934f68aaa56533da91038a4.php on line 100
2020-05-03 0:43:55 - PHP Notice:  Array to string conversion in /var/www/html/opencart/system/storage/cache/99/998c6f31088390cf0c4f9ef0927b1fdd976985689934f68aaa56533da91038a4.php on line 100
2020-05-03 0:43:56 - PHP Notice:  Undefined index: heading_title in /var/www/html/opencart/catalog/controller/extension/module/bannergrid.php on line 10
2020-05-03 0:43:56 - PHP Notice:  Array to string conversion in /var/www/html/opencart/system/storage/cache/99/998c6f31088390cf0c4f9ef0927b1fdd976985689934f68aaa56533da91038a4.php on line 100
2020-05-03 0:43:56 - PHP Notice:  Array to string conversion in /var/www/html/opencart/system/storage/cache/99/998c6f31088390cf0c4f9ef0927b1fdd976985689934f68aaa56533da91038a4.php on line 100
2020-05-03 0:53:56 - PHP Notice:  Array to string conversion in /var/www/html/opencart/system/storage/cache/99/998c6f31088390cf0c4f9ef0927b1fdd976985689934f68aaa56533da91038a4.php on line 100
2020-05-03 0:53:56 - PHP Notice:  Array to string conversion in /var/www/html/opencart/system/storage/cache/99/998c6f31088390cf0c4f9ef0927b1fdd976985689934f68aaa56533da91038a4.php on line 100
2020-05-03 0:54:38 - PHP Notice:  Array to string conversion in /var/www/html/opencart/system/storage/cache/99/998c6f31088390cf0c4f9ef0927b1fdd976985689934f68aaa56533da91038a4.php on line 100
2020-05-03 0:54:38 - PHP Notice:  Array to string conversion in /var/www/html/opencart/system/storage/cache/99/998c6f31088390cf0c4f9ef0927b1fdd976985689934f68aaa56533da91038a4.php on line 100
2020-05-03 0:55:46 - PHP Notice:  Array to string conversion in /var/www/html/opencart/system/library/template/Twig/Environment.php(403) : eval()'d code on line 95
2020-05-03 0:55:46 - PHP Notice:  Array to string conversion in /var/www/html/opencart/system/library/template/Twig/Environment.php(403) : eval()'d code on line 95
2020-05-03 1:25:29 - PHP Notice:  Array to string conversion in /var/www/html/opencart/system/storage/cache/92/9261bf8cd4a395714064879a390b848acc027dbeb9f4e4ed9eefecc0ec315ea1.php on line 95
2020-05-03 1:25:29 - PHP Notice:  Array to string conversion in /var/www/html/opencart/system/storage/cache/92/9261bf8cd4a395714064879a390b848acc027dbeb9f4e4ed9eefecc0ec315ea1.php on line 95
2020-05-03 1:31:28 - PHP Notice:  Array to string conversion in /var/www/html/opencart/system/storage/cache/92/9261bf8cd4a395714064879a390b848acc027dbeb9f4e4ed9eefecc0ec315ea1.php on line 95
2020-05-03 1:31:28 - PHP Notice:  Array to string conversion in /var/www/html/opencart/system/storage/cache/92/9261bf8cd4a395714064879a390b848acc027dbeb9f4e4ed9eefecc0ec315ea1.php on line 95
2020-05-03 1:31:28 - PHP Notice:  Array to string conversion in /var/www/html/opencart/system/storage/cache/92/9261bf8cd4a395714064879a390b848acc027dbeb9f4e4ed9eefecc0ec315ea1.php on line 95
2020-05-03 1:31:28 - PHP Notice:  Array to string conversion in /var/www/html/opencart/system/storage/cache/92/9261bf8cd4a395714064879a390b848acc027dbeb9f4e4ed9eefecc0ec315ea1.php on line 95
2020-05-03 1:32:23 - PHP Notice:  Array to string conversion in /var/www/html/opencart/system/storage/cache/92/9261bf8cd4a395714064879a390b848acc027dbeb9f4e4ed9eefecc0ec315ea1.php on line 95
2020-05-03 1:32:23 - PHP Notice:  Array to string conversion in /var/www/html/opencart/system/storage/cache/92/9261bf8cd4a395714064879a390b848acc027dbeb9f4e4ed9eefecc0ec315ea1.php on line 95
2020-05-03 1:32:23 - PHP Notice:  Array to string conversion in /var/www/html/opencart/system/storage/cache/92/9261bf8cd4a395714064879a390b848acc027dbeb9f4e4ed9eefecc0ec315ea1.php on line 95
2020-05-03 1:32:23 - PHP Notice:  Array to string conversion in /var/www/html/opencart/system/storage/cache/92/9261bf8cd4a395714064879a390b848acc027dbeb9f4e4ed9eefecc0ec315ea1.php on line 95
2020-05-03 1:35:03 - PHP Notice:  Array to string conversion in /var/www/html/opencart/system/storage/cache/92/9261bf8cd4a395714064879a390b848acc027dbeb9f4e4ed9eefecc0ec315ea1.php on line 95
2020-05-03 1:35:03 - PHP Notice:  Array to string conversion in /var/www/html/opencart/system/storage/cache/92/9261bf8cd4a395714064879a390b848acc027dbeb9f4e4ed9eefecc0ec315ea1.php on line 95
2020-05-03 1:35:03 - PHP Notice:  Array to string conversion in /var/www/html/opencart/system/storage/cache/92/9261bf8cd4a395714064879a390b848acc027dbeb9f4e4ed9eefecc0ec315ea1.php on line 95
2020-05-03 1:35:03 - PHP Notice:  Array to string conversion in /var/www/html/opencart/system/storage/cache/92/9261bf8cd4a395714064879a390b848acc027dbeb9f4e4ed9eefecc0ec315ea1.php on line 95
2020-05-03 1:35:03 - PHP Notice:  Array to string conversion in /var/www/html/opencart/system/storage/cache/92/9261bf8cd4a395714064879a390b848acc027dbeb9f4e4ed9eefecc0ec315ea1.php on line 95
2020-05-03 1:35:15 - PHP Notice:  Array to string conversion in /var/www/html/opencart/system/storage/cache/92/9261bf8cd4a395714064879a390b848acc027dbeb9f4e4ed9eefecc0ec315ea1.php on line 95
2020-05-03 1:35:15 - PHP Notice:  Array to string conversion in /var/www/html/opencart/system/storage/cache/92/9261bf8cd4a395714064879a390b848acc027dbeb9f4e4ed9eefecc0ec315ea1.php on line 95
2020-05-03 1:35:15 - PHP Notice:  Array to string conversion in /var/www/html/opencart/system/storage/cache/92/9261bf8cd4a395714064879a390b848acc027dbeb9f4e4ed9eefecc0ec315ea1.php on line 95
2020-05-03 1:35:15 - PHP Notice:  Array to string conversion in /var/www/html/opencart/system/storage/cache/92/9261bf8cd4a395714064879a390b848acc027dbeb9f4e4ed9eefecc0ec315ea1.php on line 95
2020-05-03 1:35:15 - PHP Notice:  Array to string conversion in /var/www/html/opencart/system/storage/cache/92/9261bf8cd4a395714064879a390b848acc027dbeb9f4e4ed9eefecc0ec315ea1.php on line 95
2020-05-03 1:35:27 - PHP Notice:  Array to string conversion in /var/www/html/opencart/system/storage/cache/92/9261bf8cd4a395714064879a390b848acc027dbeb9f4e4ed9eefecc0ec315ea1.php on line 95
2020-05-03 1:35:27 - PHP Notice:  Array to string conversion in /var/www/html/opencart/system/storage/cache/92/9261bf8cd4a395714064879a390b848acc027dbeb9f4e4ed9eefecc0ec315ea1.php on line 95
2020-05-03 1:35:27 - PHP Notice:  Array to string conversion in /var/www/html/opencart/system/storage/cache/92/9261bf8cd4a395714064879a390b848acc027dbeb9f4e4ed9eefecc0ec315ea1.php on line 95
2020-05-03 1:35:27 - PHP Notice:  Array to string conversion in /var/www/html/opencart/system/storage/cache/92/9261bf8cd4a395714064879a390b848acc027dbeb9f4e4ed9eefecc0ec315ea1.php on line 95
2020-05-03 1:35:27 - PHP Notice:  Array to string conversion in /var/www/html/opencart/system/storage/cache/92/9261bf8cd4a395714064879a390b848acc027dbeb9f4e4ed9eefecc0ec315ea1.php on line 95
2020-05-03 1:36:07 - PHP Notice:  Array to string conversion in /var/www/html/opencart/system/storage/cache/92/9261bf8cd4a395714064879a390b848acc027dbeb9f4e4ed9eefecc0ec315ea1.php on line 95
2020-05-03 1:36:07 - PHP Notice:  Array to string conversion in /var/www/html/opencart/system/storage/cache/92/9261bf8cd4a395714064879a390b848acc027dbeb9f4e4ed9eefecc0ec315ea1.php on line 95
2020-05-03 1:36:07 - PHP Notice:  Array to string conversion in /var/www/html/opencart/system/storage/cache/92/9261bf8cd4a395714064879a390b848acc027dbeb9f4e4ed9eefecc0ec315ea1.php on line 95
2020-05-03 1:36:07 - PHP Notice:  Array to string conversion in /var/www/html/opencart/system/storage/cache/92/9261bf8cd4a395714064879a390b848acc027dbeb9f4e4ed9eefecc0ec315ea1.php on line 95
2020-05-03 1:36:07 - PHP Notice:  Array to string conversion in /var/www/html/opencart/system/storage/cache/92/9261bf8cd4a395714064879a390b848acc027dbeb9f4e4ed9eefecc0ec315ea1.php on line 95
2020-05-03 1:36:07 - PHP Notice:  Array to string conversion in /var/www/html/opencart/system/storage/cache/92/9261bf8cd4a395714064879a390b848acc027dbeb9f4e4ed9eefecc0ec315ea1.php on line 95
2020-05-03 1:36:18 - PHP Notice:  Array to string conversion in /var/www/html/opencart/system/storage/cache/92/9261bf8cd4a395714064879a390b848acc027dbeb9f4e4ed9eefecc0ec315ea1.php on line 95
2020-05-03 1:36:18 - PHP Notice:  Array to string conversion in /var/www/html/opencart/system/storage/cache/92/9261bf8cd4a395714064879a390b848acc027dbeb9f4e4ed9eefecc0ec315ea1.php on line 95
2020-05-03 1:36:18 - PHP Notice:  Array to string conversion in /var/www/html/opencart/system/storage/cache/92/9261bf8cd4a395714064879a390b848acc027dbeb9f4e4ed9eefecc0ec315ea1.php on line 95
2020-05-03 1:36:18 - PHP Notice:  Array to string conversion in /var/www/html/opencart/system/storage/cache/92/9261bf8cd4a395714064879a390b848acc027dbeb9f4e4ed9eefecc0ec315ea1.php on line 95
2020-05-03 1:36:18 - PHP Notice:  Array to string conversion in /var/www/html/opencart/system/storage/cache/92/9261bf8cd4a395714064879a390b848acc027dbeb9f4e4ed9eefecc0ec315ea1.php on line 95
2020-05-03 1:36:18 - PHP Notice:  Array to string conversion in /var/www/html/opencart/system/storage/cache/92/9261bf8cd4a395714064879a390b848acc027dbeb9f4e4ed9eefecc0ec315ea1.php on line 95
2020-05-03 1:44:02 - PHP Notice:  Array to string conversion in /var/www/html/opencart/system/storage/cache/92/9261bf8cd4a395714064879a390b848acc027dbeb9f4e4ed9eefecc0ec315ea1.php on line 95
2020-05-03 1:44:02 - PHP Notice:  Array to string conversion in /var/www/html/opencart/system/storage/cache/92/9261bf8cd4a395714064879a390b848acc027dbeb9f4e4ed9eefecc0ec315ea1.php on line 95
2020-05-03 1:44:02 - PHP Notice:  Array to string conversion in /var/www/html/opencart/system/storage/cache/92/9261bf8cd4a395714064879a390b848acc027dbeb9f4e4ed9eefecc0ec315ea1.php on line 95
2020-05-03 1:44:02 - PHP Notice:  Array to string conversion in /var/www/html/opencart/system/storage/cache/92/9261bf8cd4a395714064879a390b848acc027dbeb9f4e4ed9eefecc0ec315ea1.php on line 95
2020-05-03 1:44:02 - PHP Notice:  Array to string conversion in /var/www/html/opencart/system/storage/cache/92/9261bf8cd4a395714064879a390b848acc027dbeb9f4e4ed9eefecc0ec315ea1.php on line 95
2020-05-03 1:44:02 - PHP Notice:  Array to string conversion in /var/www/html/opencart/system/storage/cache/92/9261bf8cd4a395714064879a390b848acc027dbeb9f4e4ed9eefecc0ec315ea1.php on line 95
2020-05-03 1:44:02 - PHP Notice:  Array to string conversion in /var/www/html/opencart/system/storage/cache/92/9261bf8cd4a395714064879a390b848acc027dbeb9f4e4ed9eefecc0ec315ea1.php on line 95
2020-05-03 1:44:02 - PHP Notice:  Array to string conversion in /var/www/html/opencart/system/storage/cache/92/9261bf8cd4a395714064879a390b848acc027dbeb9f4e4ed9eefecc0ec315ea1.php on line 95
2020-05-03 1:44:02 - PHP Notice:  Array to string conversion in /var/www/html/opencart/system/storage/cache/92/9261bf8cd4a395714064879a390b848acc027dbeb9f4e4ed9eefecc0ec315ea1.php on line 95
2020-05-03 1:44:02 - PHP Notice:  Array to string conversion in /var/www/html/opencart/system/storage/cache/92/9261bf8cd4a395714064879a390b848acc027dbeb9f4e4ed9eefecc0ec315ea1.php on line 95
2020-05-03 1:44:53 - PHP Notice:  Array to string conversion in /var/www/html/opencart/system/storage/cache/92/9261bf8cd4a395714064879a390b848acc027dbeb9f4e4ed9eefecc0ec315ea1.php on line 95
2020-05-03 1:44:53 - PHP Notice:  Array to string conversion in /var/www/html/opencart/system/storage/cache/92/9261bf8cd4a395714064879a390b848acc027dbeb9f4e4ed9eefecc0ec315ea1.php on line 95
2020-05-03 1:44:53 - PHP Notice:  Array to string conversion in /var/www/html/opencart/system/storage/cache/92/9261bf8cd4a395714064879a390b848acc027dbeb9f4e4ed9eefecc0ec315ea1.php on line 95
2020-05-03 1:44:53 - PHP Notice:  Array to string conversion in /var/www/html/opencart/system/storage/cache/92/9261bf8cd4a395714064879a390b848acc027dbeb9f4e4ed9eefecc0ec315ea1.php on line 95
2020-05-03 1:44:53 - PHP Notice:  Array to string conversion in /var/www/html/opencart/system/storage/cache/92/9261bf8cd4a395714064879a390b848acc027dbeb9f4e4ed9eefecc0ec315ea1.php on line 95
2020-05-03 1:44:53 - PHP Notice:  Array to string conversion in /var/www/html/opencart/system/storage/cache/92/9261bf8cd4a395714064879a390b848acc027dbeb9f4e4ed9eefecc0ec315ea1.php on line 95
2020-05-03 1:44:53 - PHP Notice:  Array to string conversion in /var/www/html/opencart/system/storage/cache/92/9261bf8cd4a395714064879a390b848acc027dbeb9f4e4ed9eefecc0ec315ea1.php on line 95
2020-05-03 1:44:53 - PHP Notice:  Array to string conversion in /var/www/html/opencart/system/storage/cache/92/9261bf8cd4a395714064879a390b848acc027dbeb9f4e4ed9eefecc0ec315ea1.php on line 95
2020-05-03 1:44:53 - PHP Notice:  Array to string conversion in /var/www/html/opencart/system/storage/cache/92/9261bf8cd4a395714064879a390b848acc027dbeb9f4e4ed9eefecc0ec315ea1.php on line 95
2020-05-03 1:44:53 - PHP Notice:  Array to string conversion in /var/www/html/opencart/system/storage/cache/92/9261bf8cd4a395714064879a390b848acc027dbeb9f4e4ed9eefecc0ec315ea1.php on line 95
2020-05-03 1:45:14 - PHP Notice:  Array to string conversion in /var/www/html/opencart/system/storage/cache/92/9261bf8cd4a395714064879a390b848acc027dbeb9f4e4ed9eefecc0ec315ea1.php on line 95
2020-05-03 1:45:14 - PHP Notice:  Array to string conversion in /var/www/html/opencart/system/storage/cache/92/9261bf8cd4a395714064879a390b848acc027dbeb9f4e4ed9eefecc0ec315ea1.php on line 95
2020-05-03 1:45:14 - PHP Notice:  Array to string conversion in /var/www/html/opencart/system/storage/cache/92/9261bf8cd4a395714064879a390b848acc027dbeb9f4e4ed9eefecc0ec315ea1.php on line 95
2020-05-03 1:45:14 - PHP Notice:  Array to string conversion in /var/www/html/opencart/system/storage/cache/92/9261bf8cd4a395714064879a390b848acc027dbeb9f4e4ed9eefecc0ec315ea1.php on line 95
2020-05-03 1:45:14 - PHP Notice:  Array to string conversion in /var/www/html/opencart/system/storage/cache/92/9261bf8cd4a395714064879a390b848acc027dbeb9f4e4ed9eefecc0ec315ea1.php on line 95
2020-05-03 1:45:14 - PHP Notice:  Array to string conversion in /var/www/html/opencart/system/storage/cache/92/9261bf8cd4a395714064879a390b848acc027dbeb9f4e4ed9eefecc0ec315ea1.php on line 95
2020-05-03 1:45:14 - PHP Notice:  Array to string conversion in /var/www/html/opencart/system/storage/cache/92/9261bf8cd4a395714064879a390b848acc027dbeb9f4e4ed9eefecc0ec315ea1.php on line 95
2020-05-03 1:45:14 - PHP Notice:  Array to string conversion in /var/www/html/opencart/system/storage/cache/92/9261bf8cd4a395714064879a390b848acc027dbeb9f4e4ed9eefecc0ec315ea1.php on line 95
2020-05-03 1:45:14 - PHP Notice:  Array to string conversion in /var/www/html/opencart/system/storage/cache/92/9261bf8cd4a395714064879a390b848acc027dbeb9f4e4ed9eefecc0ec315ea1.php on line 95
2020-05-03 1:45:14 - PHP Notice:  Array to string conversion in /var/www/html/opencart/system/storage/cache/92/9261bf8cd4a395714064879a390b848acc027dbeb9f4e4ed9eefecc0ec315ea1.php on line 95
2020-05-03 5:14:59 - PHP Notice:  Undefined index: entry_name in /var/www/html/opencart/catalog/controller/extension/module/bannergrid.php on line 10
2020-05-03 5:14:59 - PHP Notice:  Undefined index: entry_name in /var/www/html/opencart/catalog/controller/extension/module/bannergrid.php on line 10
2020-05-03 5:14:59 - PHP Notice:  Undefined index: entry_name in /var/www/html/opencart/catalog/controller/extension/module/bannergrid.php on line 10
2020-05-03 5:14:59 - PHP Notice:  Undefined index: entry_name in /var/www/html/opencart/catalog/controller/extension/module/bannergrid.php on line 10
2020-05-03 5:15:02 - PHP Notice:  Undefined index: entry_name in /var/www/html/opencart/catalog/controller/extension/module/bannergrid.php on line 10
2020-05-03 5:15:02 - PHP Notice:  Undefined index: entry_name in /var/www/html/opencart/catalog/controller/extension/module/bannergrid.php on line 10
2020-05-03 5:15:02 - PHP Notice:  Undefined index: entry_name in /var/www/html/opencart/catalog/controller/extension/module/bannergrid.php on line 10
2020-05-03 5:15:02 - PHP Notice:  Undefined index: entry_name in /var/www/html/opencart/catalog/controller/extension/module/bannergrid.php on line 10
2020-05-03 5:15:03 - PHP Notice:  Undefined index: entry_name in /var/www/html/opencart/catalog/controller/extension/module/bannergrid.php on line 10
2020-05-03 5:15:03 - PHP Notice:  Undefined index: entry_name in /var/www/html/opencart/catalog/controller/extension/module/bannergrid.php on line 10
2020-05-03 5:15:03 - PHP Notice:  Undefined index: entry_name in /var/www/html/opencart/catalog/controller/extension/module/bannergrid.php on line 10
2020-05-03 5:15:03 - PHP Notice:  Undefined index: entry_name in /var/www/html/opencart/catalog/controller/extension/module/bannergrid.php on line 10
2020-05-03 5:15:04 - PHP Notice:  Undefined index: entry_name in /var/www/html/opencart/catalog/controller/extension/module/bannergrid.php on line 10
2020-05-03 5:15:04 - PHP Notice:  Undefined index: entry_name in /var/www/html/opencart/catalog/controller/extension/module/bannergrid.php on line 10
2020-05-03 5:15:04 - PHP Notice:  Undefined index: entry_name in /var/www/html/opencart/catalog/controller/extension/module/bannergrid.php on line 10
2020-05-03 5:15:04 - PHP Notice:  Undefined index: entry_name in /var/www/html/opencart/catalog/controller/extension/module/bannergrid.php on line 10
2020-05-03 5:15:05 - PHP Notice:  Undefined index: entry_name in /var/www/html/opencart/catalog/controller/extension/module/bannergrid.php on line 10
2020-05-03 5:15:05 - PHP Notice:  Undefined index: entry_name in /var/www/html/opencart/catalog/controller/extension/module/bannergrid.php on line 10
2020-05-03 5:15:05 - PHP Notice:  Undefined index: entry_name in /var/www/html/opencart/catalog/controller/extension/module/bannergrid.php on line 10
2020-05-03 5:15:05 - PHP Notice:  Undefined index: entry_name in /var/www/html/opencart/catalog/controller/extension/module/bannergrid.php on line 10
2020-05-03 5:15:06 - PHP Notice:  Undefined index: entry_name in /var/www/html/opencart/catalog/controller/extension/module/bannergrid.php on line 10
2020-05-03 5:15:06 - PHP Notice:  Undefined index: entry_name in /var/www/html/opencart/catalog/controller/extension/module/bannergrid.php on line 10
2020-05-03 5:15:06 - PHP Notice:  Undefined index: entry_name in /var/www/html/opencart/catalog/controller/extension/module/bannergrid.php on line 10
2020-05-03 5:15:06 - PHP Notice:  Undefined index: entry_name in /var/www/html/opencart/catalog/controller/extension/module/bannergrid.php on line 10
2020-05-03 5:15:07 - PHP Notice:  Undefined index: entry_name in /var/www/html/opencart/catalog/controller/extension/module/bannergrid.php on line 10
2020-05-03 5:15:07 - PHP Notice:  Undefined index: entry_name in /var/www/html/opencart/catalog/controller/extension/module/bannergrid.php on line 10
2020-05-03 5:15:07 - PHP Notice:  Undefined index: entry_name in /var/www/html/opencart/catalog/controller/extension/module/bannergrid.php on line 10
2020-05-03 5:15:07 - PHP Notice:  Undefined index: entry_name in /var/www/html/opencart/catalog/controller/extension/module/bannergrid.php on line 10
2020-05-03 5:15:08 - PHP Notice:  Undefined index: entry_name in /var/www/html/opencart/catalog/controller/extension/module/bannergrid.php on line 10
2020-05-03 5:15:08 - PHP Notice:  Undefined index: entry_name in /var/www/html/opencart/catalog/controller/extension/module/bannergrid.php on line 10
2020-05-03 5:15:08 - PHP Notice:  Undefined index: entry_name in /var/www/html/opencart/catalog/controller/extension/module/bannergrid.php on line 10
2020-05-03 5:15:08 - PHP Notice:  Undefined index: entry_name in /var/www/html/opencart/catalog/controller/extension/module/bannergrid.php on line 10
2020-05-03 5:15:09 - PHP Notice:  Undefined index: entry_name in /var/www/html/opencart/catalog/controller/extension/module/bannergrid.php on line 10
2020-05-03 5:15:09 - PHP Notice:  Undefined index: entry_name in /var/www/html/opencart/catalog/controller/extension/module/bannergrid.php on line 10
2020-05-03 5:15:09 - PHP Notice:  Undefined index: entry_name in /var/www/html/opencart/catalog/controller/extension/module/bannergrid.php on line 10
2020-05-03 5:15:09 - PHP Notice:  Undefined index: entry_name in /var/www/html/opencart/catalog/controller/extension/module/bannergrid.php on line 10
2020-05-03 5:15:10 - PHP Notice:  Undefined index: entry_name in /var/www/html/opencart/catalog/controller/extension/module/bannergrid.php on line 10
2020-05-03 5:15:10 - PHP Notice:  Undefined index: entry_name in /var/www/html/opencart/catalog/controller/extension/module/bannergrid.php on line 10
2020-05-03 5:15:10 - PHP Notice:  Undefined index: entry_name in /var/www/html/opencart/catalog/controller/extension/module/bannergrid.php on line 10
2020-05-03 5:15:10 - PHP Notice:  Undefined index: entry_name in /var/www/html/opencart/catalog/controller/extension/module/bannergrid.php on line 10
2020-05-03 5:15:11 - PHP Notice:  Undefined index: entry_name in /var/www/html/opencart/catalog/controller/extension/module/bannergrid.php on line 10
2020-05-03 5:15:11 - PHP Notice:  Undefined index: entry_name in /var/www/html/opencart/catalog/controller/extension/module/bannergrid.php on line 10
2020-05-03 5:15:11 - PHP Notice:  Undefined index: entry_name in /var/www/html/opencart/catalog/controller/extension/module/bannergrid.php on line 10
2020-05-03 5:15:11 - PHP Notice:  Undefined index: entry_name in /var/www/html/opencart/catalog/controller/extension/module/bannergrid.php on line 10
2020-05-03 5:15:12 - PHP Notice:  Undefined index: entry_name in /var/www/html/opencart/catalog/controller/extension/module/bannergrid.php on line 10
2020-05-03 5:15:12 - PHP Notice:  Undefined index: entry_name in /var/www/html/opencart/catalog/controller/extension/module/bannergrid.php on line 10
2020-05-03 5:15:12 - PHP Notice:  Undefined index: entry_name in /var/www/html/opencart/catalog/controller/extension/module/bannergrid.php on line 10
2020-05-03 5:15:12 - PHP Notice:  Undefined index: entry_name in /var/www/html/opencart/catalog/controller/extension/module/bannergrid.php on line 10
2020-05-03 5:15:13 - PHP Notice:  Undefined index: entry_name in /var/www/html/opencart/catalog/controller/extension/module/bannergrid.php on line 10
2020-05-03 5:15:13 - PHP Notice:  Undefined index: entry_name in /var/www/html/opencart/catalog/controller/extension/module/bannergrid.php on line 10
2020-05-03 5:15:13 - PHP Notice:  Undefined index: entry_name in /var/www/html/opencart/catalog/controller/extension/module/bannergrid.php on line 10
2020-05-03 5:15:13 - PHP Notice:  Undefined index: entry_name in /var/www/html/opencart/catalog/controller/extension/module/bannergrid.php on line 10
2020-05-03 5:15:14 - PHP Notice:  Undefined index: entry_name in /var/www/html/opencart/catalog/controller/extension/module/bannergrid.php on line 10
2020-05-03 5:15:14 - PHP Notice:  Undefined index: entry_name in /var/www/html/opencart/catalog/controller/extension/module/bannergrid.php on line 10
2020-05-03 5:15:14 - PHP Notice:  Undefined index: entry_name in /var/www/html/opencart/catalog/controller/extension/module/bannergrid.php on line 10
2020-05-03 5:15:14 - PHP Notice:  Undefined index: entry_name in /var/www/html/opencart/catalog/controller/extension/module/bannergrid.php on line 10
2020-05-03 5:15:15 - PHP Notice:  Undefined index: entry_name in /var/www/html/opencart/catalog/controller/extension/module/bannergrid.php on line 10
2020-05-03 5:15:15 - PHP Notice:  Undefined index: entry_name in /var/www/html/opencart/catalog/controller/extension/module/bannergrid.php on line 10
2020-05-03 5:15:15 - PHP Notice:  Undefined index: entry_name in /var/www/html/opencart/catalog/controller/extension/module/bannergrid.php on line 10
2020-05-03 5:15:15 - PHP Notice:  Undefined index: entry_name in /var/www/html/opencart/catalog/controller/extension/module/bannergrid.php on line 10
2020-05-03 5:15:16 - PHP Notice:  Undefined index: entry_name in /var/www/html/opencart/catalog/controller/extension/module/bannergrid.php on line 10
2020-05-03 5:15:16 - PHP Notice:  Undefined index: entry_name in /var/www/html/opencart/catalog/controller/extension/module/bannergrid.php on line 10
2020-05-03 5:15:16 - PHP Notice:  Undefined index: entry_name in /var/www/html/opencart/catalog/controller/extension/module/bannergrid.php on line 10
2020-05-03 5:15:16 - PHP Notice:  Undefined index: entry_name in /var/www/html/opencart/catalog/controller/extension/module/bannergrid.php on line 10
2020-05-03 5:15:17 - PHP Notice:  Undefined index: entry_name in /var/www/html/opencart/catalog/controller/extension/module/bannergrid.php on line 10
2020-05-03 5:15:17 - PHP Notice:  Undefined index: entry_name in /var/www/html/opencart/catalog/controller/extension/module/bannergrid.php on line 10
2020-05-03 5:15:17 - PHP Notice:  Undefined index: entry_name in /var/www/html/opencart/catalog/controller/extension/module/bannergrid.php on line 10
2020-05-03 5:15:17 - PHP Notice:  Undefined index: entry_name in /var/www/html/opencart/catalog/controller/extension/module/bannergrid.php on line 10
2020-05-03 5:15:18 - PHP Notice:  Undefined index: entry_name in /var/www/html/opencart/catalog/controller/extension/module/bannergrid.php on line 10
2020-05-03 5:15:18 - PHP Notice:  Undefined index: entry_name in /var/www/html/opencart/catalog/controller/extension/module/bannergrid.php on line 10
2020-05-03 5:15:18 - PHP Notice:  Undefined index: entry_name in /var/www/html/opencart/catalog/controller/extension/module/bannergrid.php on line 10
2020-05-03 5:15:18 - PHP Notice:  Undefined index: entry_name in /var/www/html/opencart/catalog/controller/extension/module/bannergrid.php on line 10
2020-05-03 5:15:19 - PHP Notice:  Undefined index: entry_name in /var/www/html/opencart/catalog/controller/extension/module/bannergrid.php on line 10
2020-05-03 5:15:19 - PHP Notice:  Undefined index: entry_name in /var/www/html/opencart/catalog/controller/extension/module/bannergrid.php on line 10
2020-05-03 5:15:19 - PHP Notice:  Undefined index: entry_name in /var/www/html/opencart/catalog/controller/extension/module/bannergrid.php on line 10
2020-05-03 5:15:19 - PHP Notice:  Undefined index: entry_name in /var/www/html/opencart/catalog/controller/extension/module/bannergrid.php on line 10
2020-05-03 5:15:19 - PHP Notice:  Undefined index: entry_name in /var/www/html/opencart/catalog/controller/extension/module/bannergrid.php on line 10
2020-05-03 5:15:19 - PHP Notice:  Undefined index: entry_name in /var/www/html/opencart/catalog/controller/extension/module/bannergrid.php on line 10
2020-05-03 5:15:19 - PHP Notice:  Undefined index: entry_name in /var/www/html/opencart/catalog/controller/extension/module/bannergrid.php on line 10
2020-05-03 5:15:19 - PHP Notice:  Undefined index: entry_name in /var/www/html/opencart/catalog/controller/extension/module/bannergrid.php on line 10
2020-05-03 5:15:21 - PHP Notice:  Undefined index: entry_name in /var/www/html/opencart/catalog/controller/extension/module/bannergrid.php on line 10
2020-05-03 5:15:21 - PHP Notice:  Undefined index: entry_name in /var/www/html/opencart/catalog/controller/extension/module/bannergrid.php on line 10
2020-05-03 5:15:21 - PHP Notice:  Undefined index: entry_name in /var/www/html/opencart/catalog/controller/extension/module/bannergrid.php on line 10
2020-05-03 5:15:21 - PHP Notice:  Undefined index: entry_name in /var/www/html/opencart/catalog/controller/extension/module/bannergrid.php on line 10
2020-05-03 5:15:22 - PHP Notice:  Undefined index: entry_name in /var/www/html/opencart/catalog/controller/extension/module/bannergrid.php on line 10
2020-05-03 5:15:22 - PHP Notice:  Undefined index: entry_name in /var/www/html/opencart/catalog/controller/extension/module/bannergrid.php on line 10
2020-05-03 5:15:22 - PHP Notice:  Undefined index: entry_name in /var/www/html/opencart/catalog/controller/extension/module/bannergrid.php on line 10
2020-05-03 5:15:22 - PHP Notice:  Undefined index: entry_name in /var/www/html/opencart/catalog/controller/extension/module/bannergrid.php on line 10
2020-05-03 5:15:22 - PHP Notice:  Undefined index: entry_name in /var/www/html/opencart/catalog/controller/extension/module/bannergrid.php on line 10
2020-05-03 5:15:22 - PHP Notice:  Undefined index: entry_name in /var/www/html/opencart/catalog/controller/extension/module/bannergrid.php on line 10
2020-05-03 5:15:22 - PHP Notice:  Undefined index: entry_name in /var/www/html/opencart/catalog/controller/extension/module/bannergrid.php on line 10
2020-05-03 5:15:22 - PHP Notice:  Undefined index: entry_name in /var/www/html/opencart/catalog/controller/extension/module/bannergrid.php on line 10
2020-05-03 5:15:23 - PHP Notice:  Undefined index: entry_name in /var/www/html/opencart/catalog/controller/extension/module/bannergrid.php on line 10
2020-05-03 5:15:23 - PHP Notice:  Undefined index: entry_name in /var/www/html/opencart/catalog/controller/extension/module/bannergrid.php on line 10
2020-05-03 5:15:23 - PHP Notice:  Undefined index: entry_name in /var/www/html/opencart/catalog/controller/extension/module/bannergrid.php on line 10
2020-05-03 5:15:23 - PHP Notice:  Undefined index: entry_name in /var/www/html/opencart/catalog/controller/extension/module/bannergrid.php on line 10
2020-05-03 5:15:24 - PHP Notice:  Undefined index: entry_name in /var/www/html/opencart/catalog/controller/extension/module/bannergrid.php on line 10
2020-05-03 5:15:24 - PHP Notice:  Undefined index: entry_name in /var/www/html/opencart/catalog/controller/extension/module/bannergrid.php on line 10
2020-05-03 5:15:24 - PHP Notice:  Undefined index: entry_name in /var/www/html/opencart/catalog/controller/extension/module/bannergrid.php on line 10
2020-05-03 5:15:24 - PHP Notice:  Undefined index: entry_name in /var/www/html/opencart/catalog/controller/extension/module/bannergrid.php on line 10
2020-05-03 5:15:26 - PHP Notice:  Undefined index: entry_name in /var/www/html/opencart/catalog/controller/extension/module/bannergrid.php on line 10
2020-05-03 5:15:26 - PHP Notice:  Undefined index: entry_name in /var/www/html/opencart/catalog/controller/extension/module/bannergrid.php on line 10
2020-05-03 5:15:26 - PHP Notice:  Undefined index: entry_name in /var/www/html/opencart/catalog/controller/extension/module/bannergrid.php on line 10
2020-05-03 5:15:26 - PHP Notice:  Undefined index: entry_name in /var/www/html/opencart/catalog/controller/extension/module/bannergrid.php on line 10
2020-05-03 5:18:16 - PHP Notice:  Undefined index: entry_name in /var/www/html/opencart/catalog/controller/extension/module/bannergrid.php on line 10
2020-05-03 5:18:16 - PHP Notice:  Undefined index: entry_name in /var/www/html/opencart/catalog/controller/extension/module/bannergrid.php on line 10
2020-05-03 5:18:16 - PHP Notice:  Undefined index: entry_name in /var/www/html/opencart/catalog/controller/extension/module/bannergrid.php on line 10
2020-05-03 5:18:16 - PHP Notice:  Undefined index: entry_name in /var/www/html/opencart/catalog/controller/extension/module/bannergrid.php on line 10
2020-05-03 5:34:10 - PHP Notice:  Undefined index: entry_name in /var/www/html/opencart/catalog/controller/extension/module/bannergrid.php on line 9
2020-05-03 5:34:10 - PHP Notice:  Undefined index: entry_name in /var/www/html/opencart/catalog/controller/extension/module/bannergrid.php on line 9
2020-05-03 5:34:10 - PHP Notice:  Undefined index: entry_name in /var/www/html/opencart/catalog/controller/extension/module/bannergrid.php on line 9
2020-05-03 5:34:10 - PHP Notice:  Undefined index: entry_name in /var/www/html/opencart/catalog/controller/extension/module/bannergrid.php on line 9
2020-05-03 5:34:33 - PHP Notice:  Undefined index: entry_name in /var/www/html/opencart/catalog/controller/extension/module/bannergrid.php on line 9
2020-05-03 5:34:33 - PHP Notice:  Undefined index: entry_name in /var/www/html/opencart/catalog/controller/extension/module/bannergrid.php on line 9
2020-05-03 5:34:33 - PHP Notice:  Undefined index: entry_name in /var/www/html/opencart/catalog/controller/extension/module/bannergrid.php on line 9
2020-05-03 5:34:33 - PHP Notice:  Undefined index: entry_name in /var/www/html/opencart/catalog/controller/extension/module/bannergrid.php on line 9
2020-05-03 5:36:46 - PHP Notice:  Undefined index: entry_name in /var/www/html/opencart/catalog/controller/extension/module/bannergrid.php on line 9
2020-05-03 5:36:46 - PHP Notice:  Undefined index: entry_name in /var/www/html/opencart/catalog/controller/extension/module/bannergrid.php on line 9
2020-05-03 5:36:46 - PHP Notice:  Undefined index: entry_name in /var/www/html/opencart/catalog/controller/extension/module/bannergrid.php on line 9
2020-05-03 5:36:46 - PHP Notice:  Undefined index: entry_name in /var/www/html/opencart/catalog/controller/extension/module/bannergrid.php on line 9
