2020-05-01 20:32:21 - MOD: Modification Default

FILE: system/engine/action.php
REGEX: ~(require|include)(_once)?\(([^)]+)~
LINE: 69

FILE: system/engine/loader.php
REGEX: ~(require|include)(_once)?\(([^)]+)~
LINE: 77
LINE: 151
LINE: 168

FILE: system/library/config.php
REGEX: ~(require|include)(_once)?\(([^)]+)~
LINE: 59

FILE: system/library/language.php
REGEX: ~(require|include)(_once)?\(([^)]+)~
LINE: 67
LINE: 73

FILE: system/library/template/template.php
REGEX: ~(require|include)(_once)?\(([^)]+)~
LINE: 18

FILE: system/library/template/twig.php
CODE: $loader = new \Twig_Loader_Filesystem(DIR_TEMPLATE);
LINE: 19
----------------------------------------------------------------
MOD: Images for Reafine Search

FILE: catalog/controller/product/category.php
CODE: $data['categories'][] = array(
LINE: 152
CODE: $data['categories'][] = array(
LINE: 155

FILE: catalog/view/theme/default/template/product/category.twig
CODE: <li><a href="{{ child.href }}">{{ child.name }}</a></li>
LINE: 43
CODE: <li><a href="{{ category.href }}">{{ category.name }}</a></li>
LINE: 33

FILE: catalog/view/theme/mintleaf/template/product/category.twig
CODE: <li><a href="{{ child.href }}">{{ child.name }}</a></li>
LINE: 39
CODE: <li><a href="{{ category.href }}">{{ category.name }}</a></li>
LINE: 34
----------------------------------------------------------------
MOD: Mint Leaf

FILE: catalog/controller/common/menu.php
CODE: return $this->load->view('common/menu', $data);
LINE: 59

FILE: catalog/language/en-gb/common/cart.php
CODE: %s item(s) - %s
LINE: 2
----------------------------------------------------------------
2020-05-01 22:14:46 - MOD: Modification Default

FILE: system/engine/action.php
REGEX: ~(require|include)(_once)?\(([^)]+)~
LINE: 69

FILE: system/engine/loader.php
REGEX: ~(require|include)(_once)?\(([^)]+)~
LINE: 77
LINE: 151
LINE: 168

FILE: system/library/config.php
REGEX: ~(require|include)(_once)?\(([^)]+)~
LINE: 59

FILE: system/library/language.php
REGEX: ~(require|include)(_once)?\(([^)]+)~
LINE: 67
LINE: 73

FILE: system/library/template/template.php
REGEX: ~(require|include)(_once)?\(([^)]+)~
LINE: 18

FILE: system/library/template/twig.php
CODE: $loader = new \Twig_Loader_Filesystem(DIR_TEMPLATE);
LINE: 19
----------------------------------------------------------------
MOD: Images for Reafine Search

FILE: catalog/controller/product/category.php
CODE: $data['categories'][] = array(
LINE: 152
CODE: $data['categories'][] = array(
LINE: 155

FILE: catalog/view/theme/default/template/product/category.twig
CODE: <li><a href="{{ child.href }}">{{ child.name }}</a></li>
LINE: 43
CODE: <li><a href="{{ category.href }}">{{ category.name }}</a></li>
LINE: 33

FILE: catalog/view/theme/mintleaf/template/product/category.twig
CODE: <li><a href="{{ child.href }}">{{ child.name }}</a></li>
LINE: 39
CODE: <li><a href="{{ category.href }}">{{ category.name }}</a></li>
LINE: 34
----------------------------------------------------------------
MOD: Mint Leaf

FILE: catalog/controller/common/menu.php
CODE: return $this->load->view('common/menu', $data);
LINE: 59

FILE: catalog/language/en-gb/common/cart.php
CODE: %s item(s) - %s
LINE: 2
----------------------------------------------------------------
2020-05-01 22:16:35 - MOD: Modification Default

FILE: system/engine/action.php
REGEX: ~(require|include)(_once)?\(([^)]+)~
LINE: 69

FILE: system/engine/loader.php
REGEX: ~(require|include)(_once)?\(([^)]+)~
LINE: 77
LINE: 151
LINE: 168

FILE: system/library/config.php
REGEX: ~(require|include)(_once)?\(([^)]+)~
LINE: 59

FILE: system/library/language.php
REGEX: ~(require|include)(_once)?\(([^)]+)~
LINE: 67
LINE: 73

FILE: system/library/template/template.php
REGEX: ~(require|include)(_once)?\(([^)]+)~
LINE: 18

FILE: system/library/template/twig.php
CODE: $loader = new \Twig_Loader_Filesystem(DIR_TEMPLATE);
LINE: 19
----------------------------------------------------------------
MOD: Images for Reafine Search

FILE: catalog/controller/product/category.php
CODE: $data['categories'][] = array(
LINE: 152
CODE: $data['categories'][] = array(
LINE: 155

FILE: catalog/view/theme/default/template/product/category.twig
CODE: <li><a href="{{ child.href }}">{{ child.name }}</a></li>
LINE: 43
CODE: <li><a href="{{ category.href }}">{{ category.name }}</a></li>
LINE: 33

FILE: catalog/view/theme/mintleaf/template/product/category.twig
CODE: <li><a href="{{ child.href }}">{{ child.name }}</a></li>
LINE: 39
CODE: <li><a href="{{ category.href }}">{{ category.name }}</a></li>
LINE: 34
----------------------------------------------------------------
MOD: Mint Leaf

FILE: catalog/controller/common/menu.php
CODE: return $this->load->view('common/menu', $data);
LINE: 59

FILE: catalog/language/en-gb/common/cart.php
CODE: %s item(s) - %s
LINE: 2
----------------------------------------------------------------
2020-05-01 22:16:37 - MOD: Modification Default

FILE: system/engine/action.php
REGEX: ~(require|include)(_once)?\(([^)]+)~
LINE: 69

FILE: system/engine/loader.php
REGEX: ~(require|include)(_once)?\(([^)]+)~
LINE: 77
LINE: 151
LINE: 168

FILE: system/library/config.php
REGEX: ~(require|include)(_once)?\(([^)]+)~
LINE: 59

FILE: system/library/language.php
REGEX: ~(require|include)(_once)?\(([^)]+)~
LINE: 67
LINE: 73

FILE: system/library/template/template.php
REGEX: ~(require|include)(_once)?\(([^)]+)~
LINE: 18

FILE: system/library/template/twig.php
CODE: $loader = new \Twig_Loader_Filesystem(DIR_TEMPLATE);
LINE: 19
----------------------------------------------------------------
MOD: Images for Reafine Search

FILE: catalog/controller/product/category.php
CODE: $data['categories'][] = array(
LINE: 152
CODE: $data['categories'][] = array(
LINE: 155

FILE: catalog/view/theme/default/template/product/category.twig
CODE: <li><a href="{{ child.href }}">{{ child.name }}</a></li>
LINE: 43
CODE: <li><a href="{{ category.href }}">{{ category.name }}</a></li>
LINE: 33

FILE: catalog/view/theme/mintleaf/template/product/category.twig
CODE: <li><a href="{{ child.href }}">{{ child.name }}</a></li>
LINE: 39
CODE: <li><a href="{{ category.href }}">{{ category.name }}</a></li>
LINE: 34
----------------------------------------------------------------
MOD: Mint Leaf

FILE: catalog/controller/common/menu.php
CODE: return $this->load->view('common/menu', $data);
LINE: 59

FILE: catalog/language/en-gb/common/cart.php
CODE: %s item(s) - %s
LINE: 2
----------------------------------------------------------------
2020-05-01 23:50:00 - MOD: Modification Default

FILE: system/engine/action.php
REGEX: ~(require|include)(_once)?\(([^)]+)~
LINE: 69

FILE: system/engine/loader.php
REGEX: ~(require|include)(_once)?\(([^)]+)~
LINE: 77
LINE: 151
LINE: 168

FILE: system/library/config.php
REGEX: ~(require|include)(_once)?\(([^)]+)~
LINE: 59

FILE: system/library/language.php
REGEX: ~(require|include)(_once)?\(([^)]+)~
LINE: 67
LINE: 73

FILE: system/library/template/template.php
REGEX: ~(require|include)(_once)?\(([^)]+)~
LINE: 18

FILE: system/library/template/twig.php
CODE: $loader = new \Twig_Loader_Filesystem(DIR_TEMPLATE);
LINE: 19
----------------------------------------------------------------
MOD: Images for Reafine Search

FILE: catalog/controller/product/category.php
CODE: $data['categories'][] = array(
LINE: 152
CODE: $data['categories'][] = array(
LINE: 155

FILE: catalog/view/theme/default/template/product/category.twig
CODE: <li><a href="{{ child.href }}">{{ child.name }}</a></li>
LINE: 43
CODE: <li><a href="{{ category.href }}">{{ category.name }}</a></li>
LINE: 33

FILE: catalog/view/theme/mintleaf/template/product/category.twig
CODE: <li><a href="{{ child.href }}">{{ child.name }}</a></li>
LINE: 39
CODE: <li><a href="{{ category.href }}">{{ category.name }}</a></li>
LINE: 34
----------------------------------------------------------------
MOD: Mint Leaf

FILE: catalog/controller/common/menu.php
CODE: return $this->load->view('common/menu', $data);
LINE: 59

FILE: catalog/language/en-gb/common/cart.php
CODE: %s item(s) - %s
LINE: 2
----------------------------------------------------------------
2020-05-01 23:50:19 - MOD: Modification Default

FILE: system/engine/action.php
REGEX: ~(require|include)(_once)?\(([^)]+)~
LINE: 69

FILE: system/engine/loader.php
REGEX: ~(require|include)(_once)?\(([^)]+)~
LINE: 77
LINE: 151
LINE: 168

FILE: system/library/config.php
REGEX: ~(require|include)(_once)?\(([^)]+)~
LINE: 59

FILE: system/library/language.php
REGEX: ~(require|include)(_once)?\(([^)]+)~
LINE: 67
LINE: 73

FILE: system/library/template/template.php
REGEX: ~(require|include)(_once)?\(([^)]+)~
LINE: 18

FILE: system/library/template/twig.php
CODE: $loader = new \Twig_Loader_Filesystem(DIR_TEMPLATE);
LINE: 19
----------------------------------------------------------------
MOD: Mint Leaf

FILE: catalog/controller/common/menu.php
CODE: return $this->load->view('common/menu', $data);
LINE: 59

FILE: catalog/language/en-gb/common/cart.php
CODE: %s item(s) - %s
LINE: 2
----------------------------------------------------------------
2020-05-01 23:50:44 - MOD: Modification Default

FILE: system/engine/action.php
REGEX: ~(require|include)(_once)?\(([^)]+)~
LINE: 69

FILE: system/engine/loader.php
REGEX: ~(require|include)(_once)?\(([^)]+)~
LINE: 77
LINE: 151
LINE: 168

FILE: system/library/config.php
REGEX: ~(require|include)(_once)?\(([^)]+)~
LINE: 59

FILE: system/library/language.php
REGEX: ~(require|include)(_once)?\(([^)]+)~
LINE: 67
LINE: 73

FILE: system/library/template/template.php
REGEX: ~(require|include)(_once)?\(([^)]+)~
LINE: 18

FILE: system/library/template/twig.php
CODE: $loader = new \Twig_Loader_Filesystem(DIR_TEMPLATE);
LINE: 19
----------------------------------------------------------------
MOD: Images for Reafine Search

FILE: catalog/controller/product/category.php
CODE: $data['categories'][] = array(
LINE: 152
CODE: $data['categories'][] = array(
LINE: 155

FILE: catalog/view/theme/default/template/product/category.twig
CODE: <li><a href="{{ child.href }}">{{ child.name }}</a></li>
LINE: 43
CODE: <li><a href="{{ category.href }}">{{ category.name }}</a></li>
LINE: 33

FILE: catalog/view/theme/mintleaf/template/product/category.twig
CODE: <li><a href="{{ child.href }}">{{ child.name }}</a></li>
LINE: 39
CODE: <li><a href="{{ category.href }}">{{ category.name }}</a></li>
LINE: 34
----------------------------------------------------------------
MOD: Mint Leaf

FILE: catalog/controller/common/menu.php
CODE: return $this->load->view('common/menu', $data);
LINE: 59

FILE: catalog/language/en-gb/common/cart.php
CODE: %s item(s) - %s
LINE: 2
----------------------------------------------------------------
2020-05-01 23:50:46 - MOD: Modification Default

FILE: system/engine/action.php
REGEX: ~(require|include)(_once)?\(([^)]+)~
LINE: 69

FILE: system/engine/loader.php
REGEX: ~(require|include)(_once)?\(([^)]+)~
LINE: 77
LINE: 151
LINE: 168

FILE: system/library/config.php
REGEX: ~(require|include)(_once)?\(([^)]+)~
LINE: 59

FILE: system/library/language.php
REGEX: ~(require|include)(_once)?\(([^)]+)~
LINE: 67
LINE: 73

FILE: system/library/template/template.php
REGEX: ~(require|include)(_once)?\(([^)]+)~
LINE: 18

FILE: system/library/template/twig.php
CODE: $loader = new \Twig_Loader_Filesystem(DIR_TEMPLATE);
LINE: 19
----------------------------------------------------------------
MOD: Images for Reafine Search

FILE: catalog/controller/product/category.php
CODE: $data['categories'][] = array(
LINE: 152
CODE: $data['categories'][] = array(
LINE: 155

FILE: catalog/view/theme/default/template/product/category.twig
CODE: <li><a href="{{ child.href }}">{{ child.name }}</a></li>
LINE: 43
CODE: <li><a href="{{ category.href }}">{{ category.name }}</a></li>
LINE: 33

FILE: catalog/view/theme/mintleaf/template/product/category.twig
CODE: <li><a href="{{ child.href }}">{{ child.name }}</a></li>
LINE: 39
CODE: <li><a href="{{ category.href }}">{{ category.name }}</a></li>
LINE: 34
----------------------------------------------------------------
MOD: Mint Leaf

FILE: catalog/controller/common/menu.php
CODE: return $this->load->view('common/menu', $data);
LINE: 59

FILE: catalog/language/en-gb/common/cart.php
CODE: %s item(s) - %s
LINE: 2
----------------------------------------------------------------
2020-05-01 23:54:26 - MOD: Modification Default

FILE: system/engine/action.php
REGEX: ~(require|include)(_once)?\(([^)]+)~
LINE: 69

FILE: system/engine/loader.php
REGEX: ~(require|include)(_once)?\(([^)]+)~
LINE: 77
LINE: 151
LINE: 168

FILE: system/library/config.php
REGEX: ~(require|include)(_once)?\(([^)]+)~
LINE: 59

FILE: system/library/language.php
REGEX: ~(require|include)(_once)?\(([^)]+)~
LINE: 67
LINE: 73

FILE: system/library/template/template.php
REGEX: ~(require|include)(_once)?\(([^)]+)~
LINE: 18

FILE: system/library/template/twig.php
CODE: $loader = new \Twig_Loader_Filesystem(DIR_TEMPLATE);
LINE: 19
----------------------------------------------------------------
MOD: Images for Reafine Search

FILE: catalog/controller/product/category.php
CODE: $data['categories'][] = array(
LINE: 152
CODE: $data['categories'][] = array(
LINE: 155

FILE: catalog/view/theme/default/template/product/category.twig
CODE: <li><a href="{{ child.href }}">{{ child.name }}</a></li>
LINE: 43
CODE: <li><a href="{{ category.href }}">{{ category.name }}</a></li>
LINE: 33

FILE: catalog/view/theme/mintleaf/template/product/category.twig
CODE: <li><a href="{{ child.href }}">{{ child.name }}</a></li>
LINE: 39
CODE: <li><a href="{{ category.href }}">{{ category.name }}</a></li>
LINE: 34
----------------------------------------------------------------
MOD: Mint Leaf

FILE: catalog/controller/common/menu.php
CODE: return $this->load->view('common/menu', $data);
LINE: 59

FILE: catalog/language/en-gb/common/cart.php
CODE: %s item(s) - %s
LINE: 2
----------------------------------------------------------------
2020-05-02 16:06:19 - MOD: Modification Default

FILE: system/engine/action.php
REGEX: ~(require|include)(_once)?\(([^)]+)~
LINE: 69

FILE: system/engine/loader.php
REGEX: ~(require|include)(_once)?\(([^)]+)~
LINE: 77
LINE: 151
LINE: 168

FILE: system/library/config.php
REGEX: ~(require|include)(_once)?\(([^)]+)~
LINE: 59

FILE: system/library/language.php
REGEX: ~(require|include)(_once)?\(([^)]+)~
LINE: 67
LINE: 73

FILE: system/library/template/template.php
REGEX: ~(require|include)(_once)?\(([^)]+)~
LINE: 18

FILE: system/library/template/twig.php
CODE: $loader = new \Twig_Loader_Filesystem(DIR_TEMPLATE);
LINE: 19
----------------------------------------------------------------
MOD: Images for Reafine Search

FILE: catalog/controller/product/category.php
CODE: $data['categories'][] = array(
LINE: 152
CODE: $data['categories'][] = array(
LINE: 155

FILE: catalog/view/theme/default/template/product/category.twig
CODE: <li><a href="{{ child.href }}">{{ child.name }}</a></li>
LINE: 43
CODE: <li><a href="{{ category.href }}">{{ category.name }}</a></li>
LINE: 33

FILE: catalog/view/theme/mintleaf/template/product/category.twig
CODE: <li><a href="{{ child.href }}">{{ child.name }}</a></li>
LINE: 39
CODE: <li><a href="{{ category.href }}">{{ category.name }}</a></li>
LINE: 34
----------------------------------------------------------------
MOD: Mint Leaf

FILE: catalog/controller/common/menu.php
CODE: return $this->load->view('common/menu', $data);
LINE: 59

FILE: catalog/language/en-gb/common/cart.php
CODE: %s item(s) - %s
LINE: 2
----------------------------------------------------------------
2020-05-02 16:39:54 - MOD: Modification Default

FILE: system/engine/action.php
REGEX: ~(require|include)(_once)?\(([^)]+)~
LINE: 69

FILE: system/engine/loader.php
REGEX: ~(require|include)(_once)?\(([^)]+)~
LINE: 77
LINE: 151
LINE: 168

FILE: system/library/config.php
REGEX: ~(require|include)(_once)?\(([^)]+)~
LINE: 59

FILE: system/library/language.php
REGEX: ~(require|include)(_once)?\(([^)]+)~
LINE: 67
LINE: 73

FILE: system/library/template/template.php
REGEX: ~(require|include)(_once)?\(([^)]+)~
LINE: 18

FILE: system/library/template/twig.php
CODE: $loader = new \Twig_Loader_Filesystem(DIR_TEMPLATE);
LINE: 19
----------------------------------------------------------------
MOD: Images for Reafine Search

FILE: catalog/controller/product/category.php
CODE: $data['categories'][] = array(
LINE: 152
CODE: $data['categories'][] = array(
LINE: 155

FILE: catalog/view/theme/default/template/product/category.twig
CODE: <li><a href="{{ child.href }}">{{ child.name }}</a></li>
LINE: 43
CODE: <li><a href="{{ category.href }}">{{ category.name }}</a></li>
LINE: 33

FILE: catalog/view/theme/mintleaf/template/product/category.twig
CODE: <li><a href="{{ child.href }}">{{ child.name }}</a></li>
LINE: 39
CODE: <li><a href="{{ category.href }}">{{ category.name }}</a></li>
LINE: 34
----------------------------------------------------------------
MOD: Mint Leaf

FILE: catalog/controller/common/menu.php
CODE: return $this->load->view('common/menu', $data);
LINE: 59

FILE: catalog/language/en-gb/common/cart.php
CODE: %s item(s) - %s
LINE: 2
----------------------------------------------------------------
2020-05-02 18:17:57 - MOD: Modification Default

FILE: system/engine/action.php
REGEX: ~(require|include)(_once)?\(([^)]+)~
LINE: 69

FILE: system/engine/loader.php
REGEX: ~(require|include)(_once)?\(([^)]+)~
LINE: 77
LINE: 151
LINE: 168

FILE: system/library/config.php
REGEX: ~(require|include)(_once)?\(([^)]+)~
LINE: 59

FILE: system/library/language.php
REGEX: ~(require|include)(_once)?\(([^)]+)~
LINE: 67
LINE: 73

FILE: system/library/template/template.php
REGEX: ~(require|include)(_once)?\(([^)]+)~
LINE: 18

FILE: system/library/template/twig.php
CODE: $loader = new \Twig_Loader_Filesystem(DIR_TEMPLATE);
LINE: 19
----------------------------------------------------------------
MOD: Images for Reafine Search

FILE: catalog/controller/product/category.php
CODE: $data['categories'][] = array(
LINE: 152
CODE: $data['categories'][] = array(
LINE: 155

FILE: catalog/view/theme/default/template/product/category.twig
CODE: <li><a href="{{ child.href }}">{{ child.name }}</a></li>
LINE: 43
CODE: <li><a href="{{ category.href }}">{{ category.name }}</a></li>
LINE: 33

FILE: catalog/view/theme/mintleaf/template/product/category.twig
CODE: <li><a href="{{ child.href }}">{{ child.name }}</a></li>
LINE: 39
CODE: <li><a href="{{ category.href }}">{{ category.name }}</a></li>
LINE: 34
----------------------------------------------------------------
MOD: Mint Leaf

FILE: catalog/controller/common/menu.php
CODE: return $this->load->view('common/menu', $data);
LINE: 59

FILE: catalog/language/en-gb/common/cart.php
CODE: %s item(s) - %s
LINE: 2
----------------------------------------------------------------
2020-05-02 18:25:22 - MOD: Modification Default

FILE: system/engine/action.php
REGEX: ~(require|include)(_once)?\(([^)]+)~
LINE: 69

FILE: system/engine/loader.php
REGEX: ~(require|include)(_once)?\(([^)]+)~
LINE: 77
LINE: 151
LINE: 168

FILE: system/library/config.php
REGEX: ~(require|include)(_once)?\(([^)]+)~
LINE: 59

FILE: system/library/language.php
REGEX: ~(require|include)(_once)?\(([^)]+)~
LINE: 67
LINE: 73

FILE: system/library/template/template.php
REGEX: ~(require|include)(_once)?\(([^)]+)~
LINE: 18

FILE: system/library/template/twig.php
CODE: $loader = new \Twig_Loader_Filesystem(DIR_TEMPLATE);
LINE: 19
----------------------------------------------------------------
MOD: Images for Reafine Search

FILE: catalog/controller/product/category.php
CODE: $data['categories'][] = array(
LINE: 152
CODE: $data['categories'][] = array(
LINE: 155

FILE: catalog/view/theme/default/template/product/category.twig
CODE: <li><a href="{{ child.href }}">{{ child.name }}</a></li>
LINE: 43
CODE: <li><a href="{{ category.href }}">{{ category.name }}</a></li>
LINE: 33

FILE: catalog/view/theme/mintleaf/template/product/category.twig
CODE: <li><a href="{{ child.href }}">{{ child.name }}</a></li>
LINE: 39
CODE: <li><a href="{{ category.href }}">{{ category.name }}</a></li>
LINE: 34
----------------------------------------------------------------
MOD: Mint Leaf

FILE: catalog/controller/common/menu.php
CODE: return $this->load->view('common/menu', $data);
LINE: 59

FILE: catalog/language/en-gb/common/cart.php
CODE: %s item(s) - %s
LINE: 2
----------------------------------------------------------------
2020-05-02 20:42:32 - MOD: Modification Default

FILE: system/engine/action.php
REGEX: ~(require|include)(_once)?\(([^)]+)~
LINE: 69

FILE: system/engine/loader.php
REGEX: ~(require|include)(_once)?\(([^)]+)~
LINE: 77
LINE: 151
LINE: 168

FILE: system/library/config.php
REGEX: ~(require|include)(_once)?\(([^)]+)~
LINE: 59

FILE: system/library/language.php
REGEX: ~(require|include)(_once)?\(([^)]+)~
LINE: 67
LINE: 73

FILE: system/library/template/template.php
REGEX: ~(require|include)(_once)?\(([^)]+)~
LINE: 18

FILE: system/library/template/twig.php
CODE: $loader = new \Twig_Loader_Filesystem(DIR_TEMPLATE);
LINE: 19
----------------------------------------------------------------
MOD: Add Description in Banner

FILE: admin/controller/design/banner.php
CODE: if (($this->request->server['REQUEST_METHOD'] == 'POST') && $this->validateForm()) {
LINE: 25
LINE: 61
CODE: $data['banner_images'][$key][] = array(
LINE: 359

FILE: admin/model/design/banner.php
CODE: class ModelDesignBanner extends Model {
LINE: 11
CODE: $this->db->query("INSERT INTO " . DB_PREFIX . "banner_image SET banner_id = '" . (int)$banner_id . "', language_id = '" . (int)$language_id . "', title = '" .  $this->db->escape($banner_image['title']) . "', link = '" .  $this->db->escape($banner_image['link']) . "', image = '" .  $this->db->escape($banner_image['image']) . "', sort_order = '" .  (int)$banner_image['sort_order'] . "'");
LINE: 20
CODE: $this->db->query("INSERT INTO " . DB_PREFIX . "banner_image SET banner_id = '" . (int)$banner_id . "', language_id = '" . (int)$language_id . "', title = '" .  $this->db->escape($banner_image['title']) . "', link = '" .  $this->db->escape($banner_image['link']) . "', image = '" .  $this->db->escape($banner_image['image']) . "', sort_order = '" . (int)$banner_image['sort_order'] . "'");
LINE: 38
CODE: $banner_image_data[$banner_image['language_id']][] = array(
LINE: 103

FILE: admin/language/en-gb/design/banner.php
CODE: $_['entry_link']
LINE: 20

FILE: admin/view/template/design/banner_form.twig
CODE: <table id="images{{ language.language_id }}" class="table table-striped table-bordered table-hover">
LINE: 60
CODE: <td class="text-left">{{ entry_link }}</td>
LINE: 65
CODE: <td class="text-left" style="width: 30%;"><input type="text" name="banner_image[{{ language.language_id }}][{{ image_row }}][link]" value="{{ banner_image.link }}" placeholder="{{ entry_link }}" class="form-control" /></td>
LINE: 82
CODE: <td colspan="4"></td>
LINE: 94
CODE: html += '  <td class="text-left" style="width: 30%;"><input type="text" name="banner_image[' + language_id + '][' + image_row + '][link]" value="" placeholder="{{ entry_link }}" class="form-control" /></td>';
LINE: 113
CODE: </script>
LINE: 132
CODE: image_row++;
LINE: 123

FILE: catalog/controller/extension/module/slideshow.php
CODE: $data['banners'][] = array(
LINE: 21

FILE: catalog/controller/extension/module/carousel.php
CODE: $data['banners'][] = array(
LINE: 21

FILE: catalog/controller/extension/module/banner.php
CODE: $data['banners'][] = array(
LINE: 21
----------------------------------------------------------------
MOD: Images for Reafine Search

FILE: catalog/controller/product/category.php
CODE: $data['categories'][] = array(
LINE: 152
CODE: $data['categories'][] = array(
LINE: 155

FILE: catalog/view/theme/default/template/product/category.twig
CODE: <li><a href="{{ child.href }}">{{ child.name }}</a></li>
LINE: 43
CODE: <li><a href="{{ category.href }}">{{ category.name }}</a></li>
LINE: 33

FILE: catalog/view/theme/mintleaf/template/product/category.twig
CODE: <li><a href="{{ child.href }}">{{ child.name }}</a></li>
LINE: 39
CODE: <li><a href="{{ category.href }}">{{ category.name }}</a></li>
LINE: 34
----------------------------------------------------------------
MOD: Mint Leaf

FILE: catalog/controller/common/menu.php
CODE: return $this->load->view('common/menu', $data);
LINE: 59

FILE: catalog/language/en-gb/common/cart.php
CODE: %s item(s) - %s
LINE: 2
----------------------------------------------------------------
2020-05-03 0:54:10 - MOD: Modification Default

FILE: system/engine/action.php
REGEX: ~(require|include)(_once)?\(([^)]+)~
LINE: 69

FILE: system/engine/loader.php
REGEX: ~(require|include)(_once)?\(([^)]+)~
LINE: 77
LINE: 151
LINE: 168

FILE: system/library/config.php
REGEX: ~(require|include)(_once)?\(([^)]+)~
LINE: 59

FILE: system/library/language.php
REGEX: ~(require|include)(_once)?\(([^)]+)~
LINE: 67
LINE: 73

FILE: system/library/template/template.php
REGEX: ~(require|include)(_once)?\(([^)]+)~
LINE: 18

FILE: system/library/template/twig.php
CODE: $loader = new \Twig_Loader_Filesystem(DIR_TEMPLATE);
LINE: 19
----------------------------------------------------------------
MOD: Add Description in Banner

FILE: admin/controller/design/banner.php
CODE: if (($this->request->server['REQUEST_METHOD'] == 'POST') && $this->validateForm()) {
LINE: 25
LINE: 61
CODE: $data['banner_images'][$key][] = array(
LINE: 359

FILE: admin/model/design/banner.php
CODE: class ModelDesignBanner extends Model {
LINE: 11
CODE: $this->db->query("INSERT INTO " . DB_PREFIX . "banner_image SET banner_id = '" . (int)$banner_id . "', language_id = '" . (int)$language_id . "', title = '" .  $this->db->escape($banner_image['title']) . "', link = '" .  $this->db->escape($banner_image['link']) . "', image = '" .  $this->db->escape($banner_image['image']) . "', sort_order = '" .  (int)$banner_image['sort_order'] . "'");
LINE: 20
CODE: $this->db->query("INSERT INTO " . DB_PREFIX . "banner_image SET banner_id = '" . (int)$banner_id . "', language_id = '" . (int)$language_id . "', title = '" .  $this->db->escape($banner_image['title']) . "', link = '" .  $this->db->escape($banner_image['link']) . "', image = '" .  $this->db->escape($banner_image['image']) . "', sort_order = '" . (int)$banner_image['sort_order'] . "'");
LINE: 38
CODE: $banner_image_data[$banner_image['language_id']][] = array(
LINE: 103

FILE: admin/language/en-gb/design/banner.php
CODE: $_['entry_link']
LINE: 20

FILE: admin/view/template/design/banner_form.twig
CODE: <table id="images{{ language.language_id }}" class="table table-striped table-bordered table-hover">
LINE: 60
CODE: <td class="text-left">{{ entry_link }}</td>
LINE: 65
CODE: <td class="text-left" style="width: 30%;"><input type="text" name="banner_image[{{ language.language_id }}][{{ image_row }}][link]" value="{{ banner_image.link }}" placeholder="{{ entry_link }}" class="form-control" /></td>
LINE: 82
CODE: <td colspan="4"></td>
LINE: 94
CODE: html += '  <td class="text-left" style="width: 30%;"><input type="text" name="banner_image[' + language_id + '][' + image_row + '][link]" value="" placeholder="{{ entry_link }}" class="form-control" /></td>';
LINE: 113
CODE: </script>
LINE: 132
CODE: image_row++;
LINE: 123

FILE: catalog/controller/extension/module/slideshow.php
CODE: $data['banners'][] = array(
LINE: 21

FILE: catalog/controller/extension/module/carousel.php
CODE: $data['banners'][] = array(
LINE: 21

FILE: catalog/controller/extension/module/banner.php
CODE: $data['banners'][] = array(
LINE: 21
----------------------------------------------------------------
MOD: Images for Reafine Search

FILE: catalog/controller/product/category.php
CODE: $data['categories'][] = array(
LINE: 152
CODE: $data['categories'][] = array(
LINE: 155

FILE: catalog/view/theme/default/template/product/category.twig
CODE: <li><a href="{{ child.href }}">{{ child.name }}</a></li>
LINE: 43
CODE: <li><a href="{{ category.href }}">{{ category.name }}</a></li>
LINE: 33

FILE: catalog/view/theme/mintleaf/template/product/category.twig
CODE: <li><a href="{{ child.href }}">{{ child.name }}</a></li>
LINE: 39
CODE: <li><a href="{{ category.href }}">{{ category.name }}</a></li>
LINE: 34
----------------------------------------------------------------
MOD: Mint Leaf

FILE: catalog/controller/common/menu.php
CODE: return $this->load->view('common/menu', $data);
LINE: 59

FILE: catalog/language/en-gb/common/cart.php
CODE: %s item(s) - %s
LINE: 2
----------------------------------------------------------------
2020-05-03 1:32:19 - MOD: Modification Default

FILE: system/engine/action.php
REGEX: ~(require|include)(_once)?\(([^)]+)~
LINE: 69

FILE: system/engine/loader.php
REGEX: ~(require|include)(_once)?\(([^)]+)~
LINE: 77
LINE: 151
LINE: 168

FILE: system/library/config.php
REGEX: ~(require|include)(_once)?\(([^)]+)~
LINE: 59

FILE: system/library/language.php
REGEX: ~(require|include)(_once)?\(([^)]+)~
LINE: 67
LINE: 73

FILE: system/library/template/template.php
REGEX: ~(require|include)(_once)?\(([^)]+)~
LINE: 18

FILE: system/library/template/twig.php
CODE: $loader = new \Twig_Loader_Filesystem(DIR_TEMPLATE);
LINE: 19
----------------------------------------------------------------
MOD: Add Description in Banner

FILE: admin/controller/design/banner.php
CODE: if (($this->request->server['REQUEST_METHOD'] == 'POST') && $this->validateForm()) {
LINE: 25
LINE: 61
CODE: $data['banner_images'][$key][] = array(
LINE: 359

FILE: admin/model/design/banner.php
CODE: class ModelDesignBanner extends Model {
LINE: 11
CODE: $this->db->query("INSERT INTO " . DB_PREFIX . "banner_image SET banner_id = '" . (int)$banner_id . "', language_id = '" . (int)$language_id . "', title = '" .  $this->db->escape($banner_image['title']) . "', link = '" .  $this->db->escape($banner_image['link']) . "', image = '" .  $this->db->escape($banner_image['image']) . "', sort_order = '" .  (int)$banner_image['sort_order'] . "'");
LINE: 20
CODE: $this->db->query("INSERT INTO " . DB_PREFIX . "banner_image SET banner_id = '" . (int)$banner_id . "', language_id = '" . (int)$language_id . "', title = '" .  $this->db->escape($banner_image['title']) . "', link = '" .  $this->db->escape($banner_image['link']) . "', image = '" .  $this->db->escape($banner_image['image']) . "', sort_order = '" . (int)$banner_image['sort_order'] . "'");
LINE: 38
CODE: $banner_image_data[$banner_image['language_id']][] = array(
LINE: 103

FILE: admin/language/en-gb/design/banner.php
CODE: $_['entry_link']
LINE: 20

FILE: admin/view/template/design/banner_form.twig
CODE: <table id="images{{ language.language_id }}" class="table table-striped table-bordered table-hover">
LINE: 60
CODE: <td class="text-left">{{ entry_link }}</td>
LINE: 65
CODE: <td class="text-left" style="width: 30%;"><input type="text" name="banner_image[{{ language.language_id }}][{{ image_row }}][link]" value="{{ banner_image.link }}" placeholder="{{ entry_link }}" class="form-control" /></td>
LINE: 82
CODE: <td colspan="4"></td>
LINE: 94
CODE: html += '  <td class="text-left" style="width: 30%;"><input type="text" name="banner_image[' + language_id + '][' + image_row + '][link]" value="" placeholder="{{ entry_link }}" class="form-control" /></td>';
LINE: 113
CODE: </script>
LINE: 132
CODE: image_row++;
LINE: 123

FILE: catalog/controller/extension/module/slideshow.php
CODE: $data['banners'][] = array(
LINE: 21

FILE: catalog/controller/extension/module/carousel.php
CODE: $data['banners'][] = array(
LINE: 21

FILE: catalog/controller/extension/module/banner.php
CODE: $data['banners'][] = array(
LINE: 21
----------------------------------------------------------------
MOD: Images for Reafine Search

FILE: catalog/controller/product/category.php
CODE: $data['categories'][] = array(
LINE: 152
CODE: $data['categories'][] = array(
LINE: 155

FILE: catalog/view/theme/default/template/product/category.twig
CODE: <li><a href="{{ child.href }}">{{ child.name }}</a></li>
LINE: 43
CODE: <li><a href="{{ category.href }}">{{ category.name }}</a></li>
LINE: 33

FILE: catalog/view/theme/mintleaf/template/product/category.twig
CODE: <li><a href="{{ child.href }}">{{ child.name }}</a></li>
LINE: 39
CODE: <li><a href="{{ category.href }}">{{ category.name }}</a></li>
LINE: 34
----------------------------------------------------------------
MOD: Mint Leaf

FILE: catalog/controller/common/menu.php
CODE: return $this->load->view('common/menu', $data);
LINE: 59

FILE: catalog/language/en-gb/common/cart.php
CODE: %s item(s) - %s
LINE: 2
----------------------------------------------------------------
2020-05-03 4:24:39 - MOD: Modification Default

FILE: system/engine/action.php
REGEX: ~(require|include)(_once)?\(([^)]+)~
LINE: 69

FILE: system/engine/loader.php
REGEX: ~(require|include)(_once)?\(([^)]+)~
LINE: 77
LINE: 151
LINE: 168

FILE: system/library/config.php
REGEX: ~(require|include)(_once)?\(([^)]+)~
LINE: 59

FILE: system/library/language.php
REGEX: ~(require|include)(_once)?\(([^)]+)~
LINE: 67
LINE: 73

FILE: system/library/template/template.php
REGEX: ~(require|include)(_once)?\(([^)]+)~
LINE: 18

FILE: system/library/template/twig.php
CODE: $loader = new \Twig_Loader_Filesystem(DIR_TEMPLATE);
LINE: 19
----------------------------------------------------------------
MOD: Add Description in Banner

FILE: admin/controller/design/banner.php
CODE: if (($this->request->server['REQUEST_METHOD'] == 'POST') && $this->validateForm()) {
LINE: 25
LINE: 61
CODE: $data['banner_images'][$key][] = array(
LINE: 359

FILE: admin/model/design/banner.php
CODE: class ModelDesignBanner extends Model {
LINE: 11
CODE: $this->db->query("INSERT INTO " . DB_PREFIX . "banner_image SET banner_id = '" . (int)$banner_id . "', language_id = '" . (int)$language_id . "', title = '" .  $this->db->escape($banner_image['title']) . "', link = '" .  $this->db->escape($banner_image['link']) . "', image = '" .  $this->db->escape($banner_image['image']) . "', sort_order = '" .  (int)$banner_image['sort_order'] . "'");
LINE: 20
CODE: $this->db->query("INSERT INTO " . DB_PREFIX . "banner_image SET banner_id = '" . (int)$banner_id . "', language_id = '" . (int)$language_id . "', title = '" .  $this->db->escape($banner_image['title']) . "', link = '" .  $this->db->escape($banner_image['link']) . "', image = '" .  $this->db->escape($banner_image['image']) . "', sort_order = '" . (int)$banner_image['sort_order'] . "'");
LINE: 38
CODE: $banner_image_data[$banner_image['language_id']][] = array(
LINE: 103

FILE: admin/language/en-gb/design/banner.php
CODE: $_['entry_link']
LINE: 20

FILE: admin/view/template/design/banner_form.twig
CODE: <table id="images{{ language.language_id }}" class="table table-striped table-bordered table-hover">
LINE: 60
CODE: <td class="text-left">{{ entry_link }}</td>
LINE: 65
CODE: <td class="text-left" style="width: 30%;"><input type="text" name="banner_image[{{ language.language_id }}][{{ image_row }}][link]" value="{{ banner_image.link }}" placeholder="{{ entry_link }}" class="form-control" /></td>
LINE: 82
CODE: <td colspan="4"></td>
LINE: 94
CODE: html += '  <td class="text-left" style="width: 30%;"><input type="text" name="banner_image[' + language_id + '][' + image_row + '][link]" value="" placeholder="{{ entry_link }}" class="form-control" /></td>';
LINE: 113
CODE: </script>
LINE: 132
CODE: image_row++;
LINE: 123

FILE: catalog/controller/extension/module/slideshow.php
CODE: $data['banners'][] = array(
LINE: 21

FILE: catalog/controller/extension/module/carousel.php
CODE: $data['banners'][] = array(
LINE: 21

FILE: catalog/controller/extension/module/banner.php
CODE: $data['banners'][] = array(
LINE: 21
----------------------------------------------------------------
MOD: Images for Reafine Search

FILE: catalog/controller/product/category.php
CODE: $data['categories'][] = array(
LINE: 152
CODE: $data['categories'][] = array(
LINE: 155

FILE: catalog/view/theme/default/template/product/category.twig
CODE: <li><a href="{{ child.href }}">{{ child.name }}</a></li>
LINE: 43
CODE: <li><a href="{{ category.href }}">{{ category.name }}</a></li>
LINE: 33

FILE: catalog/view/theme/mintleaf/template/product/category.twig
CODE: <li><a href="{{ child.href }}">{{ child.name }}</a></li>
LINE: 39
CODE: <li><a href="{{ category.href }}">{{ category.name }}</a></li>
LINE: 34
----------------------------------------------------------------
MOD: Mint Leaf

FILE: catalog/controller/common/menu.php
CODE: return $this->load->view('common/menu', $data);
LINE: 59

FILE: catalog/language/en-gb/common/cart.php
CODE: %s item(s) - %s
LINE: 2
----------------------------------------------------------------
2020-05-03 4:44:55 - MOD: Modification Default

FILE: system/engine/action.php
REGEX: ~(require|include)(_once)?\(([^)]+)~
LINE: 69

FILE: system/engine/loader.php
REGEX: ~(require|include)(_once)?\(([^)]+)~
LINE: 77
LINE: 151
LINE: 168

FILE: system/library/config.php
REGEX: ~(require|include)(_once)?\(([^)]+)~
LINE: 59

FILE: system/library/language.php
REGEX: ~(require|include)(_once)?\(([^)]+)~
LINE: 67
LINE: 73

FILE: system/library/template/template.php
REGEX: ~(require|include)(_once)?\(([^)]+)~
LINE: 18

FILE: system/library/template/twig.php
CODE: $loader = new \Twig_Loader_Filesystem(DIR_TEMPLATE);
LINE: 19
----------------------------------------------------------------
MOD: Add Description in Banner

FILE: admin/controller/design/banner.php
CODE: if (($this->request->server['REQUEST_METHOD'] == 'POST') && $this->validateForm()) {
LINE: 25
LINE: 61
CODE: $data['banner_images'][$key][] = array(
LINE: 359

FILE: admin/model/design/banner.php
CODE: class ModelDesignBanner extends Model {
LINE: 11
CODE: $this->db->query("INSERT INTO " . DB_PREFIX . "banner_image SET banner_id = '" . (int)$banner_id . "', language_id = '" . (int)$language_id . "', title = '" .  $this->db->escape($banner_image['title']) . "', link = '" .  $this->db->escape($banner_image['link']) . "', image = '" .  $this->db->escape($banner_image['image']) . "', sort_order = '" .  (int)$banner_image['sort_order'] . "'");
LINE: 20
CODE: $this->db->query("INSERT INTO " . DB_PREFIX . "banner_image SET banner_id = '" . (int)$banner_id . "', language_id = '" . (int)$language_id . "', title = '" .  $this->db->escape($banner_image['title']) . "', link = '" .  $this->db->escape($banner_image['link']) . "', image = '" .  $this->db->escape($banner_image['image']) . "', sort_order = '" . (int)$banner_image['sort_order'] . "'");
LINE: 38
CODE: $banner_image_data[$banner_image['language_id']][] = array(
LINE: 103

FILE: admin/language/en-gb/design/banner.php
CODE: $_['entry_link']
LINE: 20

FILE: admin/view/template/design/banner_form.twig
CODE: <table id="images{{ language.language_id }}" class="table table-striped table-bordered table-hover">
LINE: 60
CODE: <td class="text-left">{{ entry_link }}</td>
LINE: 65
CODE: <td class="text-left" style="width: 30%;"><input type="text" name="banner_image[{{ language.language_id }}][{{ image_row }}][link]" value="{{ banner_image.link }}" placeholder="{{ entry_link }}" class="form-control" /></td>
LINE: 82
CODE: <td colspan="4"></td>
LINE: 94
CODE: html += '  <td class="text-left" style="width: 30%;"><input type="text" name="banner_image[' + language_id + '][' + image_row + '][link]" value="" placeholder="{{ entry_link }}" class="form-control" /></td>';
LINE: 113
CODE: </script>
LINE: 132
CODE: image_row++;
LINE: 123

FILE: catalog/controller/extension/module/slideshow.php
CODE: $data['banners'][] = array(
LINE: 21

FILE: catalog/controller/extension/module/carousel.php
CODE: $data['banners'][] = array(
LINE: 21

FILE: catalog/controller/extension/module/banner.php
CODE: $data['banners'][] = array(
LINE: 21
----------------------------------------------------------------
MOD: Images for Reafine Search

FILE: catalog/controller/product/category.php
CODE: $data['categories'][] = array(
LINE: 152
CODE: $data['categories'][] = array(
LINE: 155

FILE: catalog/view/theme/default/template/product/category.twig
CODE: <li><a href="{{ child.href }}">{{ child.name }}</a></li>
LINE: 43
CODE: <li><a href="{{ category.href }}">{{ category.name }}</a></li>
LINE: 33

FILE: catalog/view/theme/mintleaf/template/product/category.twig
CODE: <li><a href="{{ child.href }}">{{ child.name }}</a></li>
LINE: 39
CODE: <li><a href="{{ category.href }}">{{ category.name }}</a></li>
LINE: 34
----------------------------------------------------------------
MOD: Mint Leaf

FILE: catalog/controller/common/menu.php
CODE: return $this->load->view('common/menu', $data);
LINE: 59

FILE: catalog/language/en-gb/common/cart.php
CODE: %s item(s) - %s
LINE: 2
----------------------------------------------------------------
